<?xml version="1.0" encoding="UTF-8"?>
<testng-results skipped="0" failed="0" total="3" passed="3">
  <reporter-output>
  </reporter-output>
  <suite name="Default suite" duration-ms="259438" started-at="2020-07-09T11:16:01Z" finished-at="2020-07-09T11:20:20Z">
    <groups>
    </groups>
    <test name="Default test" duration-ms="259438" started-at="2020-07-09T11:16:01Z" finished-at="2020-07-09T11:20:20Z">
      <class name="testcases.TC001">
        <test-method status="PASS" signature="irctcSignUp(java.lang.String, java.lang.String, java.lang.String, java.lang.String, java.lang.String, java.lang.String, java.lang.String, java.lang.String, java.lang.String, java.lang.String, java.lang.String, java.lang.String, java.lang.String, java.lang.String, java.lang.String, java.lang.String, java.lang.String, java.lang.String, java.lang.String, java.lang.String)[pri:0, instance:testcases.TC001@43840]" name="irctcSignUp" duration-ms="84308" started-at="2020-07-09T16:46:02Z" data-provider="fetchingdaata" finished-at="2020-07-09T16:47:27Z">
          <params>
            <param index="0">
              <value>
                <![CDATA[nazeer]]>
              </value>
            </param>
            <param index="1">
              <value>
                <![CDATA[hasan123]]>
              </value>
            </param>
            <param index="2">
              <value>
                <![CDATA[hasan123]]>
              </value>
            </param>
            <param index="3">
              <value>
                <![CDATA[sarukh]]>
              </value>
            </param>
            <param index="4">
              <value>
                <![CDATA[naz]]>
              </value>
            </param>
            <param index="5">
              <value>
                <![CDATA[mohammed]]>
              </value>
            </param>
            <param index="6">
              <value>
                <![CDATA[shaik]]>
              </value>
            </param>
            <param index="7">
              <value>
                <![CDATA[31-10-1990]]>
              </value>
            </param>
            <param index="8">
              <value>
                <![CDATA[nazer@gmail.com]]>
              </value>
            </param>
            <param index="9">
              <value>
                <![CDATA[9390577062]]>
              </value>
            </param>
            <param index="10">
              <value>
                <![CDATA[20]]>
              </value>
            </param>
            <param index="11">
              <value>
                <![CDATA[123]]>
              </value>
            </param>
            <param index="12">
              <value>
                <![CDATA[miyapur]]>
              </value>
            </param>
            <param index="13">
              <value>
                <![CDATA[500041]]>
              </value>
            </param>
            <param index="14">
              <value>
                <![CDATA[9390577062]]>
              </value>
            </param>
            <param index="15">
              <value>
                <![CDATA[22]]>
              </value>
            </param>
            <param index="16">
              <value>
                <![CDATA[30]]>
              </value>
            </param>
            <param index="17">
              <value>
                <![CDATA[allwyncolony]]>
              </value>
            </param>
            <param index="18">
              <value>
                <![CDATA[522124]]>
              </value>
            </param>
            <param index="19">
              <value>
                <![CDATA[9390577062]]>
              </value>
            </param>
          </params>
          <reporter-output>
          </reporter-output>
        </test-method> <!-- irctcSignUp -->
        <test-method status="PASS" signature="irctcSignUp(java.lang.String, java.lang.String, java.lang.String, java.lang.String, java.lang.String, java.lang.String, java.lang.String, java.lang.String, java.lang.String, java.lang.String, java.lang.String, java.lang.String, java.lang.String, java.lang.String, java.lang.String, java.lang.String, java.lang.String, java.lang.String, java.lang.String, java.lang.String)[pri:0, instance:testcases.TC001@43840]" name="irctcSignUp" duration-ms="83614" started-at="2020-07-09T16:47:27Z" data-provider="fetchingdaata" finished-at="2020-07-09T16:48:50Z">
          <params>
            <param index="0">
              <value>
                <![CDATA[testerabcd]]>
              </value>
            </param>
            <param index="1">
              <value>
                <![CDATA[dta123]]>
              </value>
            </param>
            <param index="2">
              <value>
                <![CDATA[dta123]]>
              </value>
            </param>
            <param index="3">
              <value>
                <![CDATA[securitysecure]]>
              </value>
            </param>
            <param index="4">
              <value>
                <![CDATA[hahah]]>
              </value>
            </param>
            <param index="5">
              <value>
                <![CDATA[naz]]>
              </value>
            </param>
            <param index="6">
              <value>
                <![CDATA[hahhh]]>
              </value>
            </param>
            <param index="7">
              <value>
                <![CDATA[12-10-1990]]>
              </value>
            </param>
            <param index="8">
              <value>
                <![CDATA[nazewer@gmail.com]]>
              </value>
            </param>
            <param index="9">
              <value>
                <![CDATA[9390577062]]>
              </value>
            </param>
            <param index="10">
              <value>
                <![CDATA[30]]>
              </value>
            </param>
            <param index="11">
              <value>
                <![CDATA[456]]>
              </value>
            </param>
            <param index="12">
              <value>
                <![CDATA[hafeezet]]>
              </value>
            </param>
            <param index="13">
              <value>
                <![CDATA[500042]]>
              </value>
            </param>
            <param index="14">
              <value>
                <![CDATA[9390577062]]>
              </value>
            </param>
            <param index="15">
              <value>
                <![CDATA[22]]>
              </value>
            </param>
            <param index="16">
              <value>
                <![CDATA[30]]>
              </value>
            </param>
            <param index="17">
              <value>
                <![CDATA[miyapur]]>
              </value>
            </param>
            <param index="18">
              <value>
                <![CDATA[522123]]>
              </value>
            </param>
            <param index="19">
              <value>
                <![CDATA[6360577062']]>
              </value>
            </param>
          </params>
          <reporter-output>
          </reporter-output>
        </test-method> <!-- irctcSignUp -->
        <test-method status="PASS" signature="irctcSignUp(java.lang.String, java.lang.String, java.lang.String, java.lang.String, java.lang.String, java.lang.String, java.lang.String, java.lang.String, java.lang.String, java.lang.String, java.lang.String, java.lang.String, java.lang.String, java.lang.String, java.lang.String, java.lang.String, java.lang.String, java.lang.String, java.lang.String, java.lang.String)[pri:0, instance:testcases.TC001@43840]" name="irctcSignUp" duration-ms="90004" started-at="2020-07-09T16:48:50Z" data-provider="fetchingdaata" finished-at="2020-07-09T16:50:20Z">
          <params>
            <param index="0">
              <value>
                <![CDATA[testerabcd]]>
              </value>
            </param>
            <param index="1">
              <value>
                <![CDATA[dta123]]>
              </value>
            </param>
            <param index="2">
              <value>
                <![CDATA[dta123]]>
              </value>
            </param>
            <param index="3">
              <value>
                <![CDATA[securitysecure]]>
              </value>
            </param>
            <param index="4">
              <value>
                <![CDATA[hahah]]>
              </value>
            </param>
            <param index="5">
              <value>
                <![CDATA[naz]]>
              </value>
            </param>
            <param index="6">
              <value>
                <![CDATA[hahhh]]>
              </value>
            </param>
            <param index="7">
              <value>
                <![CDATA[12-10-1990]]>
              </value>
            </param>
            <param index="8">
              <value>
                <![CDATA[nazewer@gmail.com]]>
              </value>
            </param>
            <param index="9">
              <value>
                <![CDATA[9390577062]]>
              </value>
            </param>
            <param index="10">
              <value>
                <![CDATA[30]]>
              </value>
            </param>
            <param index="11">
              <value>
                <![CDATA[456]]>
              </value>
            </param>
            <param index="12">
              <value>
                <![CDATA[hafeezet]]>
              </value>
            </param>
            <param index="13">
              <value>
                <![CDATA[500042]]>
              </value>
            </param>
            <param index="14">
              <value>
                <![CDATA[9390577062]]>
              </value>
            </param>
            <param index="15">
              <value>
                <![CDATA[22]]>
              </value>
            </param>
            <param index="16">
              <value>
                <![CDATA[30]]>
              </value>
            </param>
            <param index="17">
              <value>
                <![CDATA[miyapur]]>
              </value>
            </param>
            <param index="18">
              <value>
                <![CDATA[522123]]>
              </value>
            </param>
            <param index="19">
              <value>
                <![CDATA[636057706']]>
              </value>
            </param>
          </params>
          <reporter-output>
          </reporter-output>
        </test-method> <!-- irctcSignUp -->
      </class> <!-- testcases.TC001 -->
    </test> <!-- Default test -->
  </suite> <!-- Default suite -->
</testng-results>
